Building DAG of jobs...
Job stats:
job                                 count    min threads    max threads
--------------------------------  -------  -------------  -------------
bin_concoct                             1              1              1
bin_maxbin2                             1              1              1
bin_metabat2                            1              1              1
bowtie2_map_reads                       1              1              1
evaluate_bins_checkm                    1              1              1
generate_consensus_bins_dastools        1              1              1
generate_depth_files                    1              1              1
metaspades_assembly                     1              1              1
sickle_trim                             1              1              1
total                                   9              1              1


[Tue Jul 12 15:35:14 2022]
rule sickle_trim:
    input: /project/thrash_89/db/EAGER_metaG_for_ck/interleaved_metaG/qual_trim_after_interleaving/brett_cat/CJ_V2_S8_all.fastq
    output: /project/thrash_89/db/EAGER_metaG_for_ck/pipeline_assemblies/CJ_V2_S8_assembly_dir/sickle_trimmed/CJ_V2_S8_all_singles.fastq, /project/thrash_89/db/EAGER_metaG_for_ck/pipeline_assemblies/CJ_V2_S8_assembly_dir/sickle_trimmed/CJ_V2_S8_all_trimmed.fastq
    jobid: 3
    reason: Missing output files: /project/thrash_89/db/EAGER_metaG_for_ck/pipeline_assemblies/CJ_V2_S8_assembly_dir/sickle_trimmed/CJ_V2_S8_all_trimmed.fastq
    wildcards: sample=CJ_V2_S8
    resources: tmpdir=/tmp

sickle pe -c /project/thrash_89/db/EAGER_metaG_for_ck/interleaved_metaG/qual_trim_after_interleaving/brett_cat/CJ_V2_S8_all.fastq -t sanger -m /project/thrash_89/db/EAGER_metaG_for_ck/pipeline_assemblies/CJ_V2_S8_assembly_dir/sickle_trimmed/CJ_V2_S8_all_trimmed.fastq -s /project/thrash_89/db/EAGER_metaG_for_ck/pipeline_assemblies/CJ_V2_S8_assembly_dir/sickle_trimmed/CJ_V2_S8_all_singles.fastq

[Tue Jul 12 15:35:14 2022]
rule metaspades_assembly:
    input: /project/thrash_89/db/EAGER_metaG_for_ck/pipeline_assemblies/CJ_V2_S8_assembly_dir/sickle_trimmed/CJ_V2_S8_all_trimmed.fastq
    output: /project/thrash_89/db/EAGER_metaG_for_ck/pipeline_assemblies/CJ_V2_S8_assembly_dir/spades_assembly, /project/thrash_89/db/EAGER_metaG_for_ck/pipeline_assemblies/CJ_V2_S8_assembly_dir/spades_assembly/contigs.fasta
    jobid: 2
    reason: Missing output files: /project/thrash_89/db/EAGER_metaG_for_ck/pipeline_assemblies/CJ_V2_S8_assembly_dir/spades_assembly/contigs.fasta; Input files updated by another job: /project/thrash_89/db/EAGER_metaG_for_ck/pipeline_assemblies/CJ_V2_S8_assembly_dir/sickle_trimmed/CJ_V2_S8_all_trimmed.fastq
    wildcards: sample=CJ_V2_S8
    resources: tmpdir=/tmp

metaspades.py --12 /project/thrash_89/db/EAGER_metaG_for_ck/pipeline_assemblies/CJ_V2_S8_assembly_dir/sickle_trimmed/CJ_V2_S8_all_trimmed.fastq -o /project/thrash_89/db/EAGER_metaG_for_ck/pipeline_assemblies/CJ_V2_S8_assembly_dir/spades_assembly /project/thrash_89/db/EAGER_metaG_for_ck/pipeline_assemblies/CJ_V2_S8_assembly_dir/spades_assembly/contigs.fasta --memory 998 -t 1

[Tue Jul 12 15:35:14 2022]
rule bin_maxbin2:
    input: /project/thrash_89/db/EAGER_metaG_for_ck/pipeline_assemblies/CJ_V2_S8_assembly_dir/spades_assembly/contigs.fasta, /project/thrash_89/db/EAGER_metaG_for_ck/pipeline_assemblies/CJ_V2_S8_assembly_dir/sickle_trimmed/CJ_V2_S8_all_trimmed.fastq
    output: /project/thrash_89/db/EAGER_metaG_for_ck/pipeline_assemblies/CJ_V2_S8_assembly_dir/binning/maxbin2
    jobid: 8
    reason: Missing output files: /project/thrash_89/db/EAGER_metaG_for_ck/pipeline_assemblies/CJ_V2_S8_assembly_dir/binning/maxbin2; Input files updated by another job: /project/thrash_89/db/EAGER_metaG_for_ck/pipeline_assemblies/CJ_V2_S8_assembly_dir/sickle_trimmed/CJ_V2_S8_all_trimmed.fastq, /project/thrash_89/db/EAGER_metaG_for_ck/pipeline_assemblies/CJ_V2_S8_assembly_dir/spades_assembly/contigs.fasta
    wildcards: sample=CJ_V2_S8
    resources: tmpdir=/tmp

run_MaxBin.pl -contig /project/thrash_89/db/EAGER_metaG_for_ck/pipeline_assemblies/CJ_V2_S8_assembly_dir/spades_assembly/contigs.fasta -reads /project/thrash_89/db/EAGER_metaG_for_ck/pipeline_assemblies/CJ_V2_S8_assembly_dir/sickle_trimmed/CJ_V2_S8_all_trimmed.fastq -thread 1 -out /project/thrash_89/db/EAGER_metaG_for_ck/pipeline_assemblies/CJ_V2_S8_assembly_dir/binning/maxbin2/maxbin

[Tue Jul 12 15:35:14 2022]
rule bowtie2_map_reads:
    input: /project/thrash_89/db/EAGER_metaG_for_ck/pipeline_assemblies/CJ_V2_S8_assembly_dir/sickle_trimmed/CJ_V2_S8_all_trimmed.fastq, /project/thrash_89/db/EAGER_metaG_for_ck/pipeline_assemblies/CJ_V2_S8_assembly_dir/spades_assembly/contigs.fasta
    output: /project/thrash_89/db/EAGER_metaG_for_ck/pipeline_assemblies/CJ_V2_S8_assembly_dir/read_mapping/CJ_V2_S8.bam, /project/thrash_89/db/EAGER_metaG_for_ck/pipeline_assemblies/CJ_V2_S8_assembly_dir/read_mapping/CJ_V2_S8.bam.bai, /project/thrash_89/db/EAGER_metaG_for_ck/pipeline_assemblies/CJ_V2_S8_assembly_dir/read_mapping, /project/thrash_89/db/EAGER_metaG_for_ck/pipeline_assemblies/CJ_V2_S8_assembly_dir/read_mapping/CJ_V2_S8, /project/thrash_89/db/EAGER_metaG_for_ck/pipeline_assembliesCJ_V2_S8_assembly_dir/read_mapping/CJ_V2_S8.sam, /project/thrash_89/db/EAGER_metaG_for_ck/pipeline_assemblies/CJ_V2_S8_assembly_dir/read_mapping/CJ_V2_S8_RAW.bam
    jobid: 6
    reason: Missing output files: /project/thrash_89/db/EAGER_metaG_for_ck/pipeline_assemblies/CJ_V2_S8_assembly_dir/read_mapping/CJ_V2_S8.bam; Input files updated by another job: /project/thrash_89/db/EAGER_metaG_for_ck/pipeline_assemblies/CJ_V2_S8_assembly_dir/sickle_trimmed/CJ_V2_S8_all_trimmed.fastq, /project/thrash_89/db/EAGER_metaG_for_ck/pipeline_assemblies/CJ_V2_S8_assembly_dir/spades_assembly/contigs.fasta
    wildcards: sample=CJ_V2_S8
    resources: tmpdir=/tmp

bowtie2-build /project/thrash_89/db/EAGER_metaG_for_ck/pipeline_assemblies/CJ_V2_S8_assembly_dir/spades_assembly/contigs.fasta /project/thrash_89/db/EAGER_metaG_for_ck/pipeline_assemblies/CJ_V2_S8_assembly_dir/read_mapping --threads 1

        # align reads
        bowtie2 -x /project/thrash_89/db/EAGER_metaG_for_ck/pipeline_assemblies/CJ_V2_S8_assembly_dir/read_mapping --interleaved /project/thrash_89/db/EAGER_metaG_for_ck/pipeline_assemblies/CJ_V2_S8_assembly_dir/sickle_trimmed/CJ_V2_S8_all_trimmed.fastq -S /project/thrash_89/db/EAGER_metaG_for_ck/pipeline_assembliesCJ_V2_S8_assembly_dir/read_mapping/CJ_V2_S8.sam --threads 1

        # convert sam file into sorted and indexed bam file
        samtools view -bS /project/thrash_89/db/EAGER_metaG_for_ck/pipeline_assembliesCJ_V2_S8_assembly_dir/read_mapping/CJ_V2_S8.sam --threads 1 > /project/thrash_89/db/EAGER_metaG_for_ck/pipeline_assemblies/CJ_V2_S8_assembly_dir/read_mapping/CJ_V2_S8_RAW.bam
        samtools sort /project/thrash_89/db/EAGER_metaG_for_ck/pipeline_assemblies/CJ_V2_S8_assembly_dir/read_mapping/CJ_V2_S8_RAW.bam --threads 1 > /project/thrash_89/db/EAGER_metaG_for_ck/pipeline_assemblies/CJ_V2_S8_assembly_dir/read_mapping/CJ_V2_S8.bam
        samtools index -@ 32 /project/thrash_89/db/EAGER_metaG_for_ck/pipeline_assemblies/CJ_V2_S8_assembly_dir/read_mapping/CJ_V2_S8.bam
Would remove temporary output /project/thrash_89/db/EAGER_metaG_for_ck/pipeline_assembliesCJ_V2_S8_assembly_dir/read_mapping/CJ_V2_S8.sam
Would remove temporary output /project/thrash_89/db/EAGER_metaG_for_ck/pipeline_assemblies/CJ_V2_S8_assembly_dir/read_mapping/CJ_V2_S8_RAW.bam

[Tue Jul 12 15:35:14 2022]
rule generate_depth_files:
    input: /project/thrash_89/db/EAGER_metaG_for_ck/pipeline_assemblies/CJ_V2_S8_assembly_dir/read_mapping/CJ_V2_S8.bam
    output: {input.read_mapping_dir}/CJ_V2_S8_depth.txt, {input.read_mapping_dir}/CJ_V2_S8_paired.txt
    jobid: 5
    reason: Missing output files: {input.read_mapping_dir}/CJ_V2_S8_depth.txt; Input files updated by another job: /project/thrash_89/db/EAGER_metaG_for_ck/pipeline_assemblies/CJ_V2_S8_assembly_dir/read_mapping/CJ_V2_S8.bam
    wildcards: sample=CJ_V2_S8
    resources: tmpdir=/tmp

jgi_summarize_bam_contig_depths --outputDepth {input.read_mapping_dir}/CJ_V2_S8_depth.txt --pairedContigs {input.read_mapping_dir}/CJ_V2_S8_paired.txt /project/thrash_89/db/EAGER_metaG_for_ck/pipeline_assemblies/CJ_V2_S8_assembly_dir/read_mapping/CJ_V2_S8.bam

[Tue Jul 12 15:35:14 2022]
rule bin_concoct:
    input: /project/thrash_89/db/EAGER_metaG_for_ck/pipeline_assemblies/CJ_V2_S8_assembly_dir/spades_assembly/contigs.fasta, /project/thrash_89/db/EAGER_metaG_for_ck/pipeline_assemblies/CJ_V2_S8_assembly_dir/read_mapping/CJ_V2_S8.bam
    output: /project/thrash_89/db/EAGER_metaG_for_ck/pipeline_assemblies/CJ_V2_S8_assembly_dir/binning/concoct_subcontigs/contigs_10K.bed, /project/thrash_89/db/EAGER_metaG_for_ck/pipeline_assemblies/CJ_V2_S8_assembly_dir/binning/concoct_subcontigs/contigs_10K.fa, /project/thrash_89/db/EAGER_metaG_for_ck/pipeline_assemblies/CJ_V2_S8_assembly_dir/binning/concoct_subcontigs/coverage_table.csv, /project/thrash_89/db/EAGER_metaG_for_ck/pipeline_assemblies/CJ_V2_S8_assembly_dir/binning/concoct_subcontigs/concoct_subcontigs_clustering_gt1000.csv, /project/thrash_89/db/EAGER_metaG_for_ck/pipeline_assemblies/CJ_V2_S8_assembly_dir/binning/concoct_subcontigs/concoct_subcontigs_clustering_merged.csv, /project/thrash_89/db/EAGER_metaG_for_ck/pipeline_assemblies/CJ_V2_S8_assembly_dir/binning/concoct_subcontigs/fasta_bins, /project/thrash_89/db/EAGER_metaG_for_ck/pipeline_assemblies/CJ_V2_S8_assembly_dir/binning/concoct_subcontigs
    jobid: 7
    reason: Missing output files: /project/thrash_89/db/EAGER_metaG_for_ck/pipeline_assemblies/CJ_V2_S8_assembly_dir/binning/concoct_subcontigs; Input files updated by another job: /project/thrash_89/db/EAGER_metaG_for_ck/pipeline_assemblies/CJ_V2_S8_assembly_dir/read_mapping/CJ_V2_S8.bam, /project/thrash_89/db/EAGER_metaG_for_ck/pipeline_assemblies/CJ_V2_S8_assembly_dir/spades_assembly/contigs.fasta
    wildcards: sample=CJ_V2_S8
    resources: tmpdir=/tmp


        # first command (est time: 2 min)
        cut_up_fasta.py /project/thrash_89/db/EAGER_metaG_for_ck/pipeline_assemblies/CJ_V2_S8_assembly_dir/spades_assembly/contigs.fasta -c 1000 -o 0 --merge_last -b /project/thrash_89/db/EAGER_metaG_for_ck/pipeline_assemblies/CJ_V2_S8_assembly_dir/binning/concoct_subcontigs/contigs_10K.bed > /project/thrash_89/db/EAGER_metaG_for_ck/pipeline_assemblies/CJ_V2_S8_assembly_dir/binning/concoct_subcontigs/contigs_10K.fa
        # EST TIME: 4 hours
        concoct_coverage_table.py /project/thrash_89/db/EAGER_metaG_for_ck/pipeline_assemblies/CJ_V2_S8_assembly_dir/binning/concoct_subcontigs/contigs_10K.bed /project/thrash_89/db/EAGER_metaG_for_ck/pipeline_assemblies/CJ_V2_S8_assembly_dir/read_mapping/CJ_V2_S8.bam > /project/thrash_89/db/EAGER_metaG_for_ck/pipeline_assemblies/CJ_V2_S8_assembly_dir/binning/concoct_subcontigs/coverage_table.csv

        # about 12 hours (overestimate) with 16 threads
        concoct --composition_file /project/thrash_89/db/EAGER_metaG_for_ck/pipeline_assemblies/CJ_V2_S8_assembly_dir/binning/concoct_subcontigs/contigs_10K.fa --coverage_file /project/thrash_89/db/EAGER_metaG_for_ck/pipeline_assemblies/CJ_V2_S8_assembly_dir/binning/concoct_subcontigs/coverage_table.csv -b base_dir/CJ_V2_S8_assembly_dir/binning/concoct_subcontigs --threads 1

        merge_cutup_clustering.py /project/thrash_89/db/EAGER_metaG_for_ck/pipeline_assemblies/CJ_V2_S8_assembly_dir/binning/concoct_subcontigs/concoct_subcontigs_clustering_gt1000.csv > /project/thrash_89/db/EAGER_metaG_for_ck/pipeline_assemblies/CJ_V2_S8_assembly_dir/binning/concoct_subcontigs/concoct_subcontigs_clustering_merged.csv
        mkdir /project/thrash_89/db/EAGER_metaG_for_ck/pipeline_assemblies/CJ_V2_S8_assembly_dir/binning/concoct_subcontigs/fasta_bins
        extract_fasta_bins.py /project/thrash_89/db/EAGER_metaG_for_ck/pipeline_assemblies/CJ_V2_S8_assembly_dir/spades_assembly/contigs.fasta /project/thrash_89/db/EAGER_metaG_for_ck/pipeline_assemblies/CJ_V2_S8_assembly_dir/binning/concoct_subcontigs/concoct_subcontigs_clustering_merged.csv --output_path /project/thrash_89/db/EAGER_metaG_for_ck/pipeline_assemblies/CJ_V2_S8_assembly_dir/binning/concoct_subcontigs/fasta_bins/concoct

[Tue Jul 12 15:35:14 2022]
rule bin_metabat2:
    input: /project/thrash_89/db/EAGER_metaG_for_ck/pipeline_assemblies/CJ_V2_S8_assembly_dir/spades_assembly/contigs.fasta, {input.read_mapping_dir}/CJ_V2_S8_depth.txt
    output: /project/thrash_89/db/EAGER_metaG_for_ck/pipeline_assemblies/CJ_V2_S8_assembly_dir/binning/metabat2
    jobid: 4
    reason: Missing output files: /project/thrash_89/db/EAGER_metaG_for_ck/pipeline_assemblies/CJ_V2_S8_assembly_dir/binning/metabat2; Input files updated by another job: {input.read_mapping_dir}/CJ_V2_S8_depth.txt, /project/thrash_89/db/EAGER_metaG_for_ck/pipeline_assemblies/CJ_V2_S8_assembly_dir/spades_assembly/contigs.fasta
    wildcards: sample=CJ_V2_S8
    resources: tmpdir=/tmp

metabat2 -i /project/thrash_89/db/EAGER_metaG_for_ck/pipeline_assemblies/CJ_V2_S8_assembly_dir/spades_assembly/contigs.fasta  -a {input.read_mapping_dir}/CJ_V2_S8_depth.txt -o /project/thrash_89/db/EAGER_metaG_for_ck/pipeline_assemblies/CJ_V2_S8_assembly_dir/binning/metabat2 -t 1 --minCVSum 0 --saveCls -d -v --minCV 0.1 -m 2000

[Tue Jul 12 15:35:14 2022]
rule generate_consensus_bins_dastools:
    input: /project/thrash_89/db/EAGER_metaG_for_ck/pipeline_assemblies/CJ_V2_S8_assembly_dir/spades_assembly/contigs.fasta, /project/thrash_89/db/EAGER_metaG_for_ck/pipeline_assemblies/CJ_V2_S8_assembly_dir/binning/metabat2, /project/thrash_89/db/EAGER_metaG_for_ck/pipeline_assemblies/CJ_V2_S8_assembly_dir/binning/concoct_subcontigs, /project/thrash_89/db/EAGER_metaG_for_ck/pipeline_assemblies/CJ_V2_S8_assembly_dir/binning/maxbin2
    output: /project/thrash_89/db/EAGER_metaG_for_ck/pipeline_assemblies/CJ_V2_S8_assembly_dir/binning/dastools/metabat_contigs2bin.tsv, /project/thrash_89/db/EAGER_metaG_for_ck/pipeline_assemblies/CJ_V2_S8_assembly_dir/binning/dastools/maxbin_contigs2bin.tsv, /project/thrash_89/db/EAGER_metaG_for_ck/pipeline_assemblies/CJ_V2_S8_assembly_dir/binning/dastools/concoct_contigs2bin.tsv, /project/thrash_89/db/EAGER_metaG_for_ck/pipeline_assemblies/CJ_V2_S8_assembly_dir/binning/dastools, /project/thrash_89/db/EAGER_metaG_for_ck/pipeline_assemblies/CJ_V2_S8_assembly_dir/binning/dastools/CJ_V2_S8_DASTool_bins
    jobid: 1
    reason: Missing output files: /project/thrash_89/db/EAGER_metaG_for_ck/pipeline_assemblies/CJ_V2_S8_assembly_dir/binning/dastools/CJ_V2_S8_DASTool_bins; Input files updated by another job: /project/thrash_89/db/EAGER_metaG_for_ck/pipeline_assemblies/CJ_V2_S8_assembly_dir/binning/maxbin2, /project/thrash_89/db/EAGER_metaG_for_ck/pipeline_assemblies/CJ_V2_S8_assembly_dir/binning/concoct_subcontigs, /project/thrash_89/db/EAGER_metaG_for_ck/pipeline_assemblies/CJ_V2_S8_assembly_dir/spades_assembly/contigs.fasta, /project/thrash_89/db/EAGER_metaG_for_ck/pipeline_assemblies/CJ_V2_S8_assembly_dir/binning/metabat2
    wildcards: sample=CJ_V2_S8
    resources: tmpdir=/tmp

WorkflowError:
Error when formatting '
        # metabat2
        Fasta_to_Contig2Bin.sh -e fa -i {input.metabat_fa_dir}/ > {input.dastools_dir}/metabat_contigs2bin.tsv

        # maxbin
        Fasta_to_Contig2Bin.sh -e fasta -i {input.maxbin_fa_dir}/ > {input.dastools_dir/maxbin_contigs2bin.tsv

        # concoct (delete first line "contig_id	concoct.cluster_id", use correct command
        perl -pe "s/,/	concoct./g;" {input.concoct_fa_dir}/concoct_subcontigs_clustering_merged.csv > {input.dastools_dir}/concoct_contigs2bin.tsv
        sed -i '1,1d' {input.concoct_fa_dir}/concoct.contigs2bin.tsv

        # Run DAS_Tool (EST TIME < 2 hours per sample)
        DAS_Tool -i {input.dastools_dir/maxbin_contigs2bin.tsv,        {input.dastools_dir}/concoct_contigs2bin.tsv,        {input.dastools_dir}/metabat_contigs2bin.tsv         -l maxbin,concoct,metabat         -c {input.contigs}         -o {output.dastools_bins}/{sample} --write_bins --write_bin_evals         -t {threads}
        ' for rule generate_consensus_bins_dastools. 'InputFiles' object has no attribute 'dastools_dir'
