Building DAG of jobs...
candidate job all
    wildcards: 
candidate job evaluate_bins_checkm
    wildcards: sample=A1, subset=100percent, modifier=par
candidate job generate_consensus_bins_dastools
    wildcards: sample=A1, subset=100percent, modifier=par
candidate job metaspades_assembly
    wildcards: sample=A1, subset=100percent, modifier=par
candidate job sickle_trim_full
    wildcards: sample=A1
selected job sickle_trim_full
    wildcards: sample=A1
file /Users/connerkojima/thrash/assembly_snakemake/test_data/output_dir/A1_assembly/100percent_par/sickle_trimmed/A1_all_trimmed.fastq:
    Producer found, hence exceptions are ignored.

selected job metaspades_assembly
    wildcards: sample=A1, subset=100percent, modifier=par
file /Users/connerkojima/thrash/assembly_snakemake/test_data/output_dir/A1_assembly/100percent_par/spades_assembly/contigs.fasta:
    Producer found, hence exceptions are ignored.

candidate job bin_metabat2
    wildcards: sample=A1, subset=100percent, modifier=par
candidate job metaspades_assembly
    wildcards: sample=A1, subset=100percent, modifier=par
selected job metaspades_assembly
    wildcards: sample=A1, subset=100percent, modifier=par
file /Users/connerkojima/thrash/assembly_snakemake/test_data/output_dir/A1_assembly/100percent_par/spades_assembly/contigs.fasta:
    Producer found, hence exceptions are ignored.

candidate job generate_depth_files
    wildcards: sample=A1, subset=100percent, modifier=par
candidate job bowtie2_map_reads
    wildcards: sample=A1, subset=100percent, modifier=par
candidate job sickle_trim_full
    wildcards: sample=A1
selected job sickle_trim_full
    wildcards: sample=A1
file /Users/connerkojima/thrash/assembly_snakemake/test_data/output_dir/A1_assembly/100percent_par/sickle_trimmed/A1_all_trimmed.fastq:
    Producer found, hence exceptions are ignored.

candidate job metaspades_assembly
    wildcards: sample=A1, subset=100percent, modifier=par
selected job metaspades_assembly
    wildcards: sample=A1, subset=100percent, modifier=par
file /Users/connerkojima/thrash/assembly_snakemake/test_data/output_dir/A1_assembly/100percent_par/spades_assembly/contigs.fasta:
    Producer found, hence exceptions are ignored.

selected job bowtie2_map_reads
    wildcards: sample=A1, subset=100percent, modifier=par
file /Users/connerkojima/thrash/assembly_snakemake/test_data/output_dir/A1_assembly/100percent_par/read_mapping/A1.bam:
    Producer found, hence exceptions are ignored.

selected job generate_depth_files
    wildcards: sample=A1, subset=100percent, modifier=par
file /Users/connerkojima/thrash/assembly_snakemake/test_data/output_dir/A1_assembly/100percent_par/read_mapping/A1_depth.txt:
    Producer found, hence exceptions are ignored.

selected job bin_metabat2
    wildcards: sample=A1, subset=100percent, modifier=par
file /Users/connerkojima/thrash/assembly_snakemake/test_data/output_dir/A1_assembly/100percent_par/binning/metabat2:
    Producer found, hence exceptions are ignored.

candidate job bin_concoct
    wildcards: sample=A1, subset=100percent, modifier=par
candidate job metaspades_assembly
    wildcards: sample=A1, subset=100percent, modifier=par
selected job metaspades_assembly
    wildcards: sample=A1, subset=100percent, modifier=par
file /Users/connerkojima/thrash/assembly_snakemake/test_data/output_dir/A1_assembly/100percent_par/spades_assembly/contigs.fasta:
    Producer found, hence exceptions are ignored.

candidate job bowtie2_map_reads
    wildcards: sample=A1, subset=100percent, modifier=par
selected job bowtie2_map_reads
    wildcards: sample=A1, subset=100percent, modifier=par
file /Users/connerkojima/thrash/assembly_snakemake/test_data/output_dir/A1_assembly/100percent_par/read_mapping/A1.bam:
    Producer found, hence exceptions are ignored.

selected job bin_concoct
    wildcards: sample=A1, subset=100percent, modifier=par
file /Users/connerkojima/thrash/assembly_snakemake/test_data/output_dir/A1_assembly/100percent_par/binning/concoct_subcontigs:
    Producer found, hence exceptions are ignored.

candidate job bin_maxbin2
    wildcards: sample=A1, subset=100percent, modifier=par
candidate job metaspades_assembly
    wildcards: sample=A1, subset=100percent, modifier=par
selected job metaspades_assembly
    wildcards: sample=A1, subset=100percent, modifier=par
file /Users/connerkojima/thrash/assembly_snakemake/test_data/output_dir/A1_assembly/100percent_par/spades_assembly/contigs.fasta:
    Producer found, hence exceptions are ignored.

candidate job sickle_trim_full
    wildcards: sample=A1
selected job sickle_trim_full
    wildcards: sample=A1
file /Users/connerkojima/thrash/assembly_snakemake/test_data/output_dir/A1_assembly/100percent_par/sickle_trimmed/A1_all_trimmed.fastq:
    Producer found, hence exceptions are ignored.

selected job bin_maxbin2
    wildcards: sample=A1, subset=100percent, modifier=par
file /Users/connerkojima/thrash/assembly_snakemake/test_data/output_dir/A1_assembly/100percent_par/binning/maxbin2:
    Producer found, hence exceptions are ignored.

selected job generate_consensus_bins_dastools
    wildcards: sample=A1, subset=100percent, modifier=par
file /Users/connerkojima/thrash/assembly_snakemake/test_data/output_dir/A1_assembly/100percent_par/binning/dastools/A1_DASTool_bins:
    Producer found, hence exceptions are ignored.

selected job evaluate_bins_checkm
    wildcards: sample=A1, subset=100percent, modifier=par
file /Users/connerkojima/thrash/assembly_snakemake/test_data/output_dir/A1_assembly/100percent_par/checkm/dastools/output_table.txt:
    Producer found, hence exceptions are ignored.

selected job all
    wildcards: 
file None:
    Producer found, hence exceptions are ignored.

