Building DAG of jobs...
candidate job all
    wildcards: 
candidate job evaluate_bins_checkm
    wildcards: sample=A1, subset=1percent, modifier=par
candidate job generate_consensus_bins_dastools
    wildcards: sample=A1, subset=1percent, modifier=par
candidate job metaspades_assembly
    wildcards: sample=A1, subset=1percent, modifier=par
candidate job subset_reads_par
    wildcards: sample=A1, subset=1
candidate job sickle_trim_full
    wildcards: sample=A1
selected job sickle_trim_full
    wildcards: sample=A1
file /Users/connerkojima/thrash/assembly_snakemake/test_data/output_dir/A1_assembly/100percent_par/sickle_trimmed/A1_all_trimmed.fastq:
    Producer found, hence exceptions are ignored.

selected job subset_reads_par
    wildcards: sample=A1, subset=1
file /Users/connerkojima/thrash/assembly_snakemake/test_data/output_dir/A1_assembly/1percent_par/sickle_trimmed/A1_all_trimmed.fastq:
    Producer found, hence exceptions are ignored.

selected job metaspades_assembly
    wildcards: sample=A1, subset=1percent, modifier=par
file /Users/connerkojima/thrash/assembly_snakemake/test_data/output_dir/A1_assembly/1percent_par/spades_assembly/contigs.fasta:
    Producer found, hence exceptions are ignored.

candidate job bin_metabat2
    wildcards: sample=A1, subset=1percent, modifier=par
candidate job metaspades_assembly
    wildcards: sample=A1, subset=1percent, modifier=par
selected job metaspades_assembly
    wildcards: sample=A1, subset=1percent, modifier=par
file /Users/connerkojima/thrash/assembly_snakemake/test_data/output_dir/A1_assembly/1percent_par/spades_assembly/contigs.fasta:
    Producer found, hence exceptions are ignored.

candidate job generate_depth_files
    wildcards: sample=A1, subset=1percent, modifier=par
candidate job bowtie2_map_reads
    wildcards: sample=A1, subset=1percent, modifier=par
candidate job subset_reads_par
    wildcards: sample=A1, subset=1
selected job subset_reads_par
    wildcards: sample=A1, subset=1
file /Users/connerkojima/thrash/assembly_snakemake/test_data/output_dir/A1_assembly/1percent_par/sickle_trimmed/A1_all_trimmed.fastq:
    Producer found, hence exceptions are ignored.

candidate job metaspades_assembly
    wildcards: sample=A1, subset=1percent, modifier=par
selected job metaspades_assembly
    wildcards: sample=A1, subset=1percent, modifier=par
file /Users/connerkojima/thrash/assembly_snakemake/test_data/output_dir/A1_assembly/1percent_par/spades_assembly/contigs.fasta:
    Producer found, hence exceptions are ignored.

selected job bowtie2_map_reads
    wildcards: sample=A1, subset=1percent, modifier=par
file /Users/connerkojima/thrash/assembly_snakemake/test_data/output_dir/A1_assembly/1percent_par/read_mapping/A1.bam:
    Producer found, hence exceptions are ignored.

selected job generate_depth_files
    wildcards: sample=A1, subset=1percent, modifier=par
file /Users/connerkojima/thrash/assembly_snakemake/test_data/output_dir/A1_assembly/1percent_par/read_mapping/A1_depth.txt:
    Producer found, hence exceptions are ignored.

selected job bin_metabat2
    wildcards: sample=A1, subset=1percent, modifier=par
file /Users/connerkojima/thrash/assembly_snakemake/test_data/output_dir/A1_assembly/1percent_par/binning/metabat2:
    Producer found, hence exceptions are ignored.

candidate job bin_concoct
    wildcards: sample=A1, subset=1percent, modifier=par
candidate job metaspades_assembly
    wildcards: sample=A1, subset=1percent, modifier=par
selected job metaspades_assembly
    wildcards: sample=A1, subset=1percent, modifier=par
file /Users/connerkojima/thrash/assembly_snakemake/test_data/output_dir/A1_assembly/1percent_par/spades_assembly/contigs.fasta:
    Producer found, hence exceptions are ignored.

candidate job bowtie2_map_reads
    wildcards: sample=A1, subset=1percent, modifier=par
selected job bowtie2_map_reads
    wildcards: sample=A1, subset=1percent, modifier=par
file /Users/connerkojima/thrash/assembly_snakemake/test_data/output_dir/A1_assembly/1percent_par/read_mapping/A1.bam:
    Producer found, hence exceptions are ignored.

selected job bin_concoct
    wildcards: sample=A1, subset=1percent, modifier=par
file /Users/connerkojima/thrash/assembly_snakemake/test_data/output_dir/A1_assembly/1percent_par/binning/concoct_subcontigs:
    Producer found, hence exceptions are ignored.

candidate job bin_maxbin2
    wildcards: sample=A1, subset=1percent, modifier=par
candidate job metaspades_assembly
    wildcards: sample=A1, subset=1percent, modifier=par
selected job metaspades_assembly
    wildcards: sample=A1, subset=1percent, modifier=par
file /Users/connerkojima/thrash/assembly_snakemake/test_data/output_dir/A1_assembly/1percent_par/spades_assembly/contigs.fasta:
    Producer found, hence exceptions are ignored.

candidate job subset_reads_par
    wildcards: sample=A1, subset=1
selected job subset_reads_par
    wildcards: sample=A1, subset=1
file /Users/connerkojima/thrash/assembly_snakemake/test_data/output_dir/A1_assembly/1percent_par/sickle_trimmed/A1_all_trimmed.fastq:
    Producer found, hence exceptions are ignored.

selected job bin_maxbin2
    wildcards: sample=A1, subset=1percent, modifier=par
file /Users/connerkojima/thrash/assembly_snakemake/test_data/output_dir/A1_assembly/1percent_par/binning/maxbin2:
    Producer found, hence exceptions are ignored.

selected job generate_consensus_bins_dastools
    wildcards: sample=A1, subset=1percent, modifier=par
file /Users/connerkojima/thrash/assembly_snakemake/test_data/output_dir/A1_assembly/1percent_par/binning/dastools/A1_DASTool_bins:
    Producer found, hence exceptions are ignored.

selected job evaluate_bins_checkm
    wildcards: sample=A1, subset=1percent, modifier=par
file /Users/connerkojima/thrash/assembly_snakemake/test_data/output_dir/A1_assembly/1percent_par/checkm/dastools/output_table.txt:
    Producer found, hence exceptions are ignored.

candidate job evaluate_bins_checkm
    wildcards: sample=A1, subset=50percent, modifier=ser
candidate job generate_consensus_bins_dastools
    wildcards: sample=A1, subset=50percent, modifier=ser
candidate job metaspades_assembly
    wildcards: sample=A1, subset=50percent, modifier=ser
candidate job subset_reads_ser
    wildcards: sample=A1, percentage=50percent
candidate job convert_bam_to_fastq
    wildcards: sample=A1, subset=1percent, modifier=par
candidate job map_subassembly_reads
    wildcards: sample=A1, subset=1percent, modifier=par
candidate job generate_consensus_bins_dastools
    wildcards: sample=A1, subset=1percent, modifier=par
selected job generate_consensus_bins_dastools
    wildcards: sample=A1, subset=1percent, modifier=par
file /Users/connerkojima/thrash/assembly_snakemake/test_data/output_dir/A1_assembly/1percent_par/binning/dastools/A1_DASTool_bins:
    Producer found, hence exceptions are ignored.

candidate job sickle_trim_full
    wildcards: sample=A1
selected job sickle_trim_full
    wildcards: sample=A1
file /Users/connerkojima/thrash/assembly_snakemake/test_data/output_dir/A1_assembly/100percent_par/sickle_trimmed/A1_all_trimmed.fastq:
    Producer found, hence exceptions are ignored.

selected job map_subassembly_reads
    wildcards: sample=A1, subset=1percent, modifier=par
file /Users/connerkojima/thrash/assembly_snakemake/test_data/output_dir/A1_assembly/1percent_par/subiterative_mapping/A1.bam:
    Producer found, hence exceptions are ignored.

selected job convert_bam_to_fastq
    wildcards: sample=A1, subset=1percent, modifier=par
file /Users/connerkojima/thrash/assembly_snakemake/test_data/output_dir/A1_assembly/1percent_par/subiterative_mapping/A1.fastq:
    Producer found, hence exceptions are ignored.

selected job subset_reads_ser
    wildcards: sample=A1, percentage=50percent
file /Users/connerkojima/thrash/assembly_snakemake/test_data/output_dir/A1_assembly/50percent_ser/sickle_trimmed/A1_all_trimmed.fastq:
    Producer found, hence exceptions are ignored.

selected job metaspades_assembly
    wildcards: sample=A1, subset=50percent, modifier=ser
file /Users/connerkojima/thrash/assembly_snakemake/test_data/output_dir/A1_assembly/50percent_ser/spades_assembly/contigs.fasta:
    Producer found, hence exceptions are ignored.

candidate job bin_metabat2
    wildcards: sample=A1, subset=50percent, modifier=ser
candidate job metaspades_assembly
    wildcards: sample=A1, subset=50percent, modifier=ser
selected job metaspades_assembly
    wildcards: sample=A1, subset=50percent, modifier=ser
file /Users/connerkojima/thrash/assembly_snakemake/test_data/output_dir/A1_assembly/50percent_ser/spades_assembly/contigs.fasta:
    Producer found, hence exceptions are ignored.

candidate job generate_depth_files
    wildcards: sample=A1, subset=50percent, modifier=ser
candidate job bowtie2_map_reads
    wildcards: sample=A1, subset=50percent, modifier=ser
candidate job subset_reads_ser
    wildcards: sample=A1, percentage=50percent
selected job subset_reads_ser
    wildcards: sample=A1, percentage=50percent
file /Users/connerkojima/thrash/assembly_snakemake/test_data/output_dir/A1_assembly/50percent_ser/sickle_trimmed/A1_all_trimmed.fastq:
    Producer found, hence exceptions are ignored.

candidate job metaspades_assembly
    wildcards: sample=A1, subset=50percent, modifier=ser
selected job metaspades_assembly
    wildcards: sample=A1, subset=50percent, modifier=ser
file /Users/connerkojima/thrash/assembly_snakemake/test_data/output_dir/A1_assembly/50percent_ser/spades_assembly/contigs.fasta:
    Producer found, hence exceptions are ignored.

selected job bowtie2_map_reads
    wildcards: sample=A1, subset=50percent, modifier=ser
file /Users/connerkojima/thrash/assembly_snakemake/test_data/output_dir/A1_assembly/50percent_ser/read_mapping/A1.bam:
    Producer found, hence exceptions are ignored.

selected job generate_depth_files
    wildcards: sample=A1, subset=50percent, modifier=ser
file /Users/connerkojima/thrash/assembly_snakemake/test_data/output_dir/A1_assembly/50percent_ser/read_mapping/A1_depth.txt:
    Producer found, hence exceptions are ignored.

selected job bin_metabat2
    wildcards: sample=A1, subset=50percent, modifier=ser
file /Users/connerkojima/thrash/assembly_snakemake/test_data/output_dir/A1_assembly/50percent_ser/binning/metabat2:
    Producer found, hence exceptions are ignored.

candidate job bin_concoct
    wildcards: sample=A1, subset=50percent, modifier=ser
candidate job metaspades_assembly
    wildcards: sample=A1, subset=50percent, modifier=ser
selected job metaspades_assembly
    wildcards: sample=A1, subset=50percent, modifier=ser
file /Users/connerkojima/thrash/assembly_snakemake/test_data/output_dir/A1_assembly/50percent_ser/spades_assembly/contigs.fasta:
    Producer found, hence exceptions are ignored.

candidate job bowtie2_map_reads
    wildcards: sample=A1, subset=50percent, modifier=ser
selected job bowtie2_map_reads
    wildcards: sample=A1, subset=50percent, modifier=ser
file /Users/connerkojima/thrash/assembly_snakemake/test_data/output_dir/A1_assembly/50percent_ser/read_mapping/A1.bam:
    Producer found, hence exceptions are ignored.

selected job bin_concoct
    wildcards: sample=A1, subset=50percent, modifier=ser
file /Users/connerkojima/thrash/assembly_snakemake/test_data/output_dir/A1_assembly/50percent_ser/binning/concoct_subcontigs:
    Producer found, hence exceptions are ignored.

candidate job bin_maxbin2
    wildcards: sample=A1, subset=50percent, modifier=ser
candidate job metaspades_assembly
    wildcards: sample=A1, subset=50percent, modifier=ser
selected job metaspades_assembly
    wildcards: sample=A1, subset=50percent, modifier=ser
file /Users/connerkojima/thrash/assembly_snakemake/test_data/output_dir/A1_assembly/50percent_ser/spades_assembly/contigs.fasta:
    Producer found, hence exceptions are ignored.

candidate job subset_reads_ser
    wildcards: sample=A1, percentage=50percent
selected job subset_reads_ser
    wildcards: sample=A1, percentage=50percent
file /Users/connerkojima/thrash/assembly_snakemake/test_data/output_dir/A1_assembly/50percent_ser/sickle_trimmed/A1_all_trimmed.fastq:
    Producer found, hence exceptions are ignored.

selected job bin_maxbin2
    wildcards: sample=A1, subset=50percent, modifier=ser
file /Users/connerkojima/thrash/assembly_snakemake/test_data/output_dir/A1_assembly/50percent_ser/binning/maxbin2:
    Producer found, hence exceptions are ignored.

selected job generate_consensus_bins_dastools
    wildcards: sample=A1, subset=50percent, modifier=ser
file /Users/connerkojima/thrash/assembly_snakemake/test_data/output_dir/A1_assembly/50percent_ser/binning/dastools/A1_DASTool_bins:
    Producer found, hence exceptions are ignored.

selected job evaluate_bins_checkm
    wildcards: sample=A1, subset=50percent, modifier=ser
file /Users/connerkojima/thrash/assembly_snakemake/test_data/output_dir/A1_assembly/50percent_ser/checkm/dastools/output_table.txt:
    Producer found, hence exceptions are ignored.

selected job all
    wildcards: 
file None:
    Producer found, hence exceptions are ignored.

